0 info it worked if it ends with ok
1 verbose cli [ '/usr/bin/node',
1 verbose cli   '/usr/bin/npm',
1 verbose cli   'install',
1 verbose cli   'google-api-nodejs-client' ]
2 info using npm@1.4.28
3 info using node@v0.10.37
4 verbose node symlink /usr/bin/node
5 verbose readDependencies using package.json deps
6 verbose cache add [ 'google-api-nodejs-client', null ]
7 verbose cache add name=undefined spec="google-api-nodejs-client" args=["google-api-nodejs-client",null]
8 verbose parsed url { protocol: null,
8 verbose parsed url   slashes: null,
8 verbose parsed url   auth: null,
8 verbose parsed url   host: null,
8 verbose parsed url   port: null,
8 verbose parsed url   hostname: null,
8 verbose parsed url   hash: null,
8 verbose parsed url   search: null,
8 verbose parsed url   query: null,
8 verbose parsed url   pathname: 'google-api-nodejs-client',
8 verbose parsed url   path: 'google-api-nodejs-client',
8 verbose parsed url   href: 'google-api-nodejs-client' }
9 silly lockFile 4ce89737-google-api-nodejs-client google-api-nodejs-client
10 verbose lock google-api-nodejs-client /home/local/PAYODA/kantharuban.s/.npm/4ce89737-google-api-nodejs-client.lock
11 silly lockFile 4ce89737-google-api-nodejs-client google-api-nodejs-client
12 silly lockFile 4ce89737-google-api-nodejs-client google-api-nodejs-client
13 verbose addNamed [ 'google-api-nodejs-client', '' ]
14 verbose addNamed [ null, '*' ]
15 silly lockFile 56ba77c4-google-api-nodejs-client google-api-nodejs-client@
16 verbose lock google-api-nodejs-client@ /home/local/PAYODA/kantharuban.s/.npm/56ba77c4-google-api-nodejs-client.lock
17 silly addNameRange { name: 'google-api-nodejs-client', range: '*', hasData: false }
18 verbose request where is /google-api-nodejs-client
19 verbose request registry https://registry.npmjs.org/
20 verbose request id 81f54e59c54d2cc5
21 verbose url raw /google-api-nodejs-client
22 verbose url resolving [ 'https://registry.npmjs.org/', './google-api-nodejs-client' ]
23 verbose url resolved https://registry.npmjs.org/google-api-nodejs-client
24 verbose request where is https://registry.npmjs.org/google-api-nodejs-client
25 info trying registry request attempt 1 at 17:35:25
26 http GET https://registry.npmjs.org/google-api-nodejs-client
27 http 404 https://registry.npmjs.org/google-api-nodejs-client
28 silly registry.get cb [ 404,
28 silly registry.get   { 'content-type': 'application/json',
28 silly registry.get     'cache-control': 'max-age=0',
28 silly registry.get     'content-length': '2',
28 silly registry.get     'accept-ranges': 'bytes',
28 silly registry.get     date: 'Mon, 04 Apr 2016 12:05:29 GMT',
28 silly registry.get     via: '1.1 varnish',
28 silly registry.get     age: '0',
28 silly registry.get     connection: 'keep-alive',
28 silly registry.get     'x-served-by': 'cache-jfk1044-JFK',
28 silly registry.get     'x-cache': 'MISS',
28 silly registry.get     'x-cache-hits': '0',
28 silly registry.get     'x-timer': 'S1459771529.038812,VS0,VE104' } ]
29 silly lockFile 56ba77c4-google-api-nodejs-client google-api-nodejs-client@
30 silly lockFile 56ba77c4-google-api-nodejs-client google-api-nodejs-client@
31 error 404 Not Found
31 error 404
31 error 404 'google-api-nodejs-client' is not in the npm registry.
31 error 404 You should bug the author to publish it
31 error 404 It was specified as a dependency of 'imap-sample'
31 error 404
31 error 404 Note that you can also install from a
31 error 404 tarball, folder, or http url, or git url.
32 error System Linux 3.13.0-32-generic
33 error command "/usr/bin/node" "/usr/bin/npm" "install" "google-api-nodejs-client"
34 error cwd /data/project/intors/trials/imap-sample
35 error node -v v0.10.37
36 error npm -v 1.4.28
37 error code E404
38 verbose exit [ 1, true ]
